Using pre-set license
Built from '2020.3/staging' branch; Version is '2020.3.32f1 (12f8b0834f07) revision 1243312'; Using compiler version '192528614'; Build Type 'Release'
OS: 'Windows 10  (10.0.19043) 64bit Core' Language: 'en' Physical Memory: 15776 MB
BatchMode: 1, IsHumanControllingUs: 0, StartBugReporterOnCrash: 0, Is64bit: 1, IsPro: 0

COMMAND LINE ARGUMENTS:
C:\Program Files\Unity\Hub\Editor\2020.3.32f1\Editor\Unity.exe
-adb2
-batchMode
-noUpm
-name
AssetImportWorker0
-projectPath
C:/Users/rumid/UChicago/UncommonHacks22
-logFile
Logs/AssetImportWorker0.log
-srvPort
51209
Successfully changed project path to: C:/Users/rumid/UChicago/UncommonHacks22
C:/Users/rumid/UChicago/UncommonHacks22
Using Asset Import Pipeline V2.
Refreshing native plugins compatible for Editor in 44.39 ms, found 2 plugins.
Preloading 0 native plugins for Editor in 0.00 ms.
Initialize engine version: 2020.3.32f1 (12f8b0834f07)
[Subsystems] Discovering subsystems at path C:/Program Files/Unity/Hub/Editor/2020.3.32f1/Editor/Data/Resources/UnitySubsystems
[Subsystems] Discovering subsystems at path C:/Users/rumid/UChicago/UncommonHacks22/Assets
GfxDevice: creating device client; threaded=0
Direct3D:
    Version:  Direct3D 11.0 [level 11.1]
    Renderer: NVIDIA GeForce RTX 3070 Laptop GPU (ID=0x249d)
    Vendor:   
    VRAM:     8044 MB
    Driver:   30.0.15.1123
Initialize mono
Mono path[0] = 'C:/Program Files/Unity/Hub/Editor/2020.3.32f1/Editor/Data/Managed'
Mono path[1] = 'C:/Program Files/Unity/Hub/Editor/2020.3.32f1/Editor/Data/MonoBleedingEdge/lib/mono/unityjit'
Mono config path = 'C:/Program Files/Unity/Hub/Editor/2020.3.32f1/Editor/Data/MonoBleedingEdge/etc'
Using monoOptions --debugger-agent=transport=dt_socket,embedding=1,server=y,suspend=n,address=127.0.0.1:56468
Begin MonoManager ReloadAssembly
Registering precompiled unity dll's ...
Register platform support module: C:/Program Files/Unity/Hub/Editor/2020.3.32f1/Editor/Data/PlaybackEngines/WebGLSupport/UnityEditor.WebGL.Extensions.dll
Register platform support module: C:/Program Files/Unity/Hub/Editor/2020.3.32f1/Editor/Data/PlaybackEngines/WindowsStandaloneSupport/UnityEditor.WindowsStandalone.Extensions.dll
Registered in 0.001906 seconds.
Native extension for WindowsStandalone target not found
Native extension for WebGL target not found
Refreshing native plugins compatible for Editor in 37.29 ms, found 2 plugins.
Preloading 0 native plugins for Editor in 0.00 ms.
Mono: successfully reloaded assembly
- Completed reload, in  0.420 seconds
Domain Reload Profiling:
	ReloadAssembly (421ms)
		BeginReloadAssembly (49ms)
			ExecutionOrderSort (0ms)
			DisableScriptedObjects (0ms)
			BackupInstance (0ms)
			ReleaseScriptingObjects (0ms)
			CreateAndSetChildDomain (1ms)
		EndReloadAssembly (319ms)
			LoadAssemblies (47ms)
			RebuildTransferFunctionScriptingTraits (0ms)
			SetupTypeCache (98ms)
			ReleaseScriptCaches (0ms)
			RebuildScriptCaches (19ms)
			SetupLoadedEditorAssemblies (129ms)
				LogAssemblyErrors (0ms)
				InitializePlatformSupportModulesInManaged (4ms)
				SetLoadedEditorAssemblies (0ms)
				RefreshPlugins (37ms)
				BeforeProcessingInitializeOnLoad (6ms)
				ProcessInitializeOnLoadAttributes (61ms)
				ProcessInitializeOnLoadMethodAttributes (20ms)
				AfterProcessingInitializeOnLoad (0ms)
				EditorAssembliesLoaded (0ms)
			ExecutionOrderSort2 (0ms)
			AwakeInstancesAfterBackupRestoration (0ms)
Platform modules already initialized, skipping
Registering precompiled user dll's ...
Registered in 0.003638 seconds.
Begin MonoManager ReloadAssembly
Native extension for WindowsStandalone target not found
Native extension for WebGL target not found
Refreshing native plugins compatible for Editor in 0.64 ms, found 2 plugins.
Preloading 0 native plugins for Editor in 0.00 ms.
Mono: successfully reloaded assembly
- Completed reload, in  0.773 seconds
Domain Reload Profiling:
	ReloadAssembly (774ms)
		BeginReloadAssembly (109ms)
			ExecutionOrderSort (0ms)
			DisableScriptedObjects (3ms)
			BackupInstance (0ms)
			ReleaseScriptingObjects (0ms)
			CreateAndSetChildDomain (16ms)
		EndReloadAssembly (620ms)
			LoadAssemblies (77ms)
			RebuildTransferFunctionScriptingTraits (0ms)
			SetupTypeCache (185ms)
			ReleaseScriptCaches (1ms)
			RebuildScriptCaches (29ms)
			SetupLoadedEditorAssemblies (273ms)
				LogAssemblyErrors (0ms)
				InitializePlatformSupportModulesInManaged (5ms)
				SetLoadedEditorAssemblies (0ms)
				RefreshPlugins (1ms)
				BeforeProcessingInitializeOnLoad (54ms)
				ProcessInitializeOnLoadAttributes (160ms)
				ProcessInitializeOnLoadMethodAttributes (48ms)
				AfterProcessingInitializeOnLoad (5ms)
				EditorAssembliesLoaded (0ms)
			ExecutionOrderSort2 (0ms)
			AwakeInstancesAfterBackupRestoration (5ms)
Platform modules already initialized, skipping
========================================================================
Worker process is ready to serve import requests
Launched and connected shader compiler UnityShaderCompiler.exe after 0.07 seconds
Refreshing native plugins compatible for Editor in 1.20 ms, found 2 plugins.
Preloading 0 native plugins for Editor in 0.00 ms.
Unloading 2135 Unused Serialized files (Serialized files now loaded: 0)
System memory in use before: 86.3 MB.
System memory in use after: 86.4 MB.

Unloading 55 unused Assets to reduce memory usage. Loaded Objects now: 2543.
Total: 5.457900 ms (FindLiveObjects: 0.159600 ms CreateObjectMapping: 0.053400 ms MarkObjects: 5.169600 ms  DeleteObjects: 0.074400 ms)

AssetImportParameters requested are different than current active one (requested -> active):
  custom:framework-win-MediaFoundation: 216162199b28c13a410421893ffa2e32 -> 
  custom:video-decoder-ogg-theora: a1e56fd34408186e4bbccfd4996cb3dc -> 
  custom:container-muxer-webm: aa71ff27fc2769a1b78a27578f13a17b -> 
  custom:container-demuxer-webm: 4f35f7cbe854078d1ac9338744f61a02 -> 
  custom:container-demuxer-ogg: 62fdf1f143b41e24485cea50d1cbac27 -> 
  custom:video-encoder-webm-vp8: eb34c28f22e8b96e1ab97ce403110664 -> 
  custom:video-codec-MediaFoundation-h265: 746d11721c4dcdbdad8f713fa42b33f4 -> 
  custom:video-decoder-webm-vp8: 9c59270c3fd7afecdb556c50c9e8de78 -> 
  custom:audio-decoder-ogg-vorbis: bf7c407c2cedff20999df2af8eb42d56 -> 
  custom:audio-encoder-webm-vorbis: bf7c407c2cedff20999df2af8eb42d56 -> 
========================================================================
Received Import Request.
  path: Assets/_Scenes
  artifactKey: Guid(f4e4392d66721a04696e03ddee09169a) Importer(815301076,1909f56bfc062723c751e8b465ee728b)
Start importing Assets/_Scenes using Guid(f4e4392d66721a04696e03ddee09169a) Importer(815301076,1909f56bfc062723c751e8b465ee728b)  -> (artifact id: '5ca334a2c7e604145381913949c62ae0') in 0.007630 seconds 
========================================================================
Received Import Request.
  Time since last request: 0.051578 seconds.
  path: Assets/_Scenes/KinectHolographic.unity
  artifactKey: Guid(e5271db22c7cd4a4ca5bc72833883562) Importer(815301076,1909f56bfc062723c751e8b465ee728b)
Start importing Assets/_Scenes/KinectHolographic.unity using Guid(e5271db22c7cd4a4ca5bc72833883562) Importer(815301076,1909f56bfc062723c751e8b465ee728b)  -> (artifact id: 'a226513e12459bebcc3febbe595bbd16') in 0.007043 seconds 
========================================================================
Received Import Request.
  Time since last request: 116.608203 seconds.
  path: Assets/_Scenes/NewYork.unity
  artifactKey: Guid(d52849fb6328f4db49ec4e200386212e) Importer(815301076,1909f56bfc062723c751e8b465ee728b)
Start importing Assets/_Scenes/NewYork.unity using Guid(d52849fb6328f4db49ec4e200386212e) Importer(815301076,1909f56bfc062723c751e8b465ee728b)  -> (artifact id: 'f24e9bb5d9c1f49992d61f2283be0961') in 0.004375 seconds 
========================================================================
Received Prepare
Registering precompiled user dll's ...
Registered in 0.003459 seconds.
Begin MonoManager ReloadAssembly
Native extension for WindowsStandalone target not found
Native extension for WebGL target not found
Refreshing native plugins compatible for Editor in 0.66 ms, found 2 plugins.
Preloading 0 native plugins for Editor in 0.00 ms.
Mono: successfully reloaded assembly
- Completed reload, in  0.757 seconds
Domain Reload Profiling:
	ReloadAssembly (758ms)
		BeginReloadAssembly (114ms)
			ExecutionOrderSort (0ms)
			DisableScriptedObjects (4ms)
			BackupInstance (0ms)
			ReleaseScriptingObjects (0ms)
			CreateAndSetChildDomain (38ms)
		EndReloadAssembly (596ms)
			LoadAssemblies (87ms)
			RebuildTransferFunctionScriptingTraits (0ms)
			SetupTypeCache (184ms)
			ReleaseScriptCaches (1ms)
			RebuildScriptCaches (28ms)
			SetupLoadedEditorAssemblies (245ms)
				LogAssemblyErrors (0ms)
				InitializePlatformSupportModulesInManaged (4ms)
				SetLoadedEditorAssemblies (0ms)
				RefreshPlugins (1ms)
				BeforeProcessingInitializeOnLoad (47ms)
				ProcessInitializeOnLoadAttributes (143ms)
				ProcessInitializeOnLoadMethodAttributes (44ms)
				AfterProcessingInitializeOnLoad (5ms)
				EditorAssembliesLoaded (0ms)
			ExecutionOrderSort2 (0ms)
			AwakeInstancesAfterBackupRestoration (5ms)
Platform modules already initialized, skipping
Refreshing native plugins compatible for Editor in 0.67 ms, found 2 plugins.
Preloading 0 native plugins for Editor in 0.00 ms.
Unloading 2129 Unused Serialized files (Serialized files now loaded: 0)
System memory in use before: 86.1 MB.
System memory in use after: 86.2 MB.

Unloading 46 unused Assets to reduce memory usage. Loaded Objects now: 2546.
Total: 5.176700 ms (FindLiveObjects: 0.159300 ms CreateObjectMapping: 0.051200 ms MarkObjects: 4.929900 ms  DeleteObjects: 0.035200 ms)

AssetImportParameters requested are different than current active one (requested -> active):
  custom:framework-win-MediaFoundation: 216162199b28c13a410421893ffa2e32 -> 
  custom:video-decoder-ogg-theora: a1e56fd34408186e4bbccfd4996cb3dc -> 
  custom:container-muxer-webm: aa71ff27fc2769a1b78a27578f13a17b -> 
  custom:container-demuxer-webm: 4f35f7cbe854078d1ac9338744f61a02 -> 
  custom:container-demuxer-ogg: 62fdf1f143b41e24485cea50d1cbac27 -> 
  custom:video-encoder-webm-vp8: eb34c28f22e8b96e1ab97ce403110664 -> 
  custom:video-codec-MediaFoundation-h265: 746d11721c4dcdbdad8f713fa42b33f4 -> 
  custom:video-decoder-webm-vp8: 9c59270c3fd7afecdb556c50c9e8de78 -> 
  custom:audio-decoder-ogg-vorbis: bf7c407c2cedff20999df2af8eb42d56 -> 
  custom:audio-encoder-webm-vorbis: bf7c407c2cedff20999df2af8eb42d56 -> 
========================================================================
Received Prepare
Registering precompiled user dll's ...
Registered in 0.003335 seconds.
Begin MonoManager ReloadAssembly
Native extension for WindowsStandalone target not found
Native extension for WebGL target not found
Refreshing native plugins compatible for Editor in 0.66 ms, found 2 plugins.
Preloading 0 native plugins for Editor in 0.00 ms.
Mono: successfully reloaded assembly
- Completed reload, in  0.702 seconds
Domain Reload Profiling:
	ReloadAssembly (702ms)
		BeginReloadAssembly (92ms)
			ExecutionOrderSort (0ms)
			DisableScriptedObjects (4ms)
			BackupInstance (0ms)
			ReleaseScriptingObjects (0ms)
			CreateAndSetChildDomain (28ms)
		EndReloadAssembly (567ms)
			LoadAssemblies (73ms)
			RebuildTransferFunctionScriptingTraits (0ms)
			SetupTypeCache (173ms)
			ReleaseScriptCaches (1ms)
			RebuildScriptCaches (26ms)
			SetupLoadedEditorAssemblies (236ms)
				LogAssemblyErrors (0ms)
				InitializePlatformSupportModulesInManaged (4ms)
				SetLoadedEditorAssemblies (0ms)
				RefreshPlugins (1ms)
				BeforeProcessingInitializeOnLoad (46ms)
				ProcessInitializeOnLoadAttributes (138ms)
				ProcessInitializeOnLoadMethodAttributes (41ms)
				AfterProcessingInitializeOnLoad (6ms)
				EditorAssembliesLoaded (0ms)
			ExecutionOrderSort2 (0ms)
			AwakeInstancesAfterBackupRestoration (5ms)
Platform modules already initialized, skipping
Refreshing native plugins compatible for Editor in 0.62 ms, found 2 plugins.
Preloading 0 native plugins for Editor in 0.00 ms.
Unloading 2130 Unused Serialized files (Serialized files now loaded: 0)
System memory in use before: 86.2 MB.
System memory in use after: 86.3 MB.

Unloading 46 unused Assets to reduce memory usage. Loaded Objects now: 2550.
Total: 4.502000 ms (FindLiveObjects: 0.141800 ms CreateObjectMapping: 0.051800 ms MarkObjects: 4.281700 ms  DeleteObjects: 0.025900 ms)

AssetImportParameters requested are different than current active one (requested -> active):
  custom:framework-win-MediaFoundation: 216162199b28c13a410421893ffa2e32 -> 
  custom:video-decoder-ogg-theora: a1e56fd34408186e4bbccfd4996cb3dc -> 
  custom:container-muxer-webm: aa71ff27fc2769a1b78a27578f13a17b -> 
  custom:container-demuxer-webm: 4f35f7cbe854078d1ac9338744f61a02 -> 
  custom:container-demuxer-ogg: 62fdf1f143b41e24485cea50d1cbac27 -> 
  custom:video-encoder-webm-vp8: eb34c28f22e8b96e1ab97ce403110664 -> 
  custom:video-codec-MediaFoundation-h265: 746d11721c4dcdbdad8f713fa42b33f4 -> 
  custom:video-decoder-webm-vp8: 9c59270c3fd7afecdb556c50c9e8de78 -> 
  custom:audio-decoder-ogg-vorbis: bf7c407c2cedff20999df2af8eb42d56 -> 
  custom:audio-encoder-webm-vorbis: bf7c407c2cedff20999df2af8eb42d56 -> 
========================================================================
Received Import Request.
  Time since last request: 279.608586 seconds.
  path: Assets/Planet Earth Free/Materials
  artifactKey: Guid(4ad8f1a436c29c4458b47498f0287878) Importer(815301076,1909f56bfc062723c751e8b465ee728b)
Start importing Assets/Planet Earth Free/Materials using Guid(4ad8f1a436c29c4458b47498f0287878) Importer(815301076,1909f56bfc062723c751e8b465ee728b)  -> (artifact id: '0ada44d4effa1245c4c87955937be307') in 0.008276 seconds 
========================================================================
Received Import Request.
  Time since last request: 0.049455 seconds.
  path: Assets/Planet Earth Free/Materials/Earth1kMaterial.mat
  artifactKey: Guid(ddb0556055b89a04b94d593283b8daf5) Importer(815301076,1909f56bfc062723c751e8b465ee728b)
Start importing Assets/Planet Earth Free/Materials/Earth1kMaterial.mat using Guid(ddb0556055b89a04b94d593283b8daf5) Importer(815301076,1909f56bfc062723c751e8b465ee728b)  -> (artifact id: '3b66aee65bebda34252fcb61afa697a1') in 0.231293 seconds 
========================================================================
Received Import Request.
  Time since last request: 0.000109 seconds.
  path: Assets/Planet Earth Free/Materials/Earth2kNormal.png
  artifactKey: Guid(47baf10b56ae76347bd195f23c04002a) Importer(815301076,1909f56bfc062723c751e8b465ee728b)
Start importing Assets/Planet Earth Free/Materials/Earth2kNormal.png using Guid(47baf10b56ae76347bd195f23c04002a) Importer(815301076,1909f56bfc062723c751e8b465ee728b)  -> (artifact id: '9e227a5f77dc2fd417c501c7556d16f9') in 0.052766 seconds 
========================================================================
Received Import Request.
  Time since last request: 0.000120 seconds.
  path: Assets/Planet Earth Free/Materials/Earth2kTexture.png
  artifactKey: Guid(19dcdc22008309643a435bfa15affdb9) Importer(815301076,1909f56bfc062723c751e8b465ee728b)
Start importing Assets/Planet Earth Free/Materials/Earth2kTexture.png using Guid(19dcdc22008309643a435bfa15affdb9) Importer(815301076,1909f56bfc062723c751e8b465ee728b)  -> (artifact id: '9b4445101b8d5a1462d5855d53086e06') in 0.012006 seconds 
========================================================================
Received Import Request.
  Time since last request: 0.000124 seconds.
  path: Assets/Planet Earth Free/Materials/Earth1kTexture.png
  artifactKey: Guid(bfe0b7cbdb6e54a4fb69c7f5b8fbcf81) Importer(815301076,1909f56bfc062723c751e8b465ee728b)
Start importing Assets/Planet Earth Free/Materials/Earth1kTexture.png using Guid(bfe0b7cbdb6e54a4fb69c7f5b8fbcf81) Importer(815301076,1909f56bfc062723c751e8b465ee728b)  -> (artifact id: '16b97f7f093352add49718cd08f09487') in 0.007876 seconds 
========================================================================
Received Import Request.
  Time since last request: 0.000121 seconds.
  path: Assets/Planet Earth Free/Materials/Earth4kNormal.png
  artifactKey: Guid(3d650b2b67d9b1341861a4fd90c20b97) Importer(815301076,1909f56bfc062723c751e8b465ee728b)
Start importing Assets/Planet Earth Free/Materials/Earth4kNormal.png using Guid(3d650b2b67d9b1341861a4fd90c20b97) Importer(815301076,1909f56bfc062723c751e8b465ee728b)  -> (artifact id: '65ac0d09d3ab23e8c7ac7939cb66386b') in 0.025348 seconds 
========================================================================
Received Import Request.
  Time since last request: 0.000119 seconds.
  path: Assets/Planet Earth Free/Materials/SkyboxMaterial.mat
  artifactKey: Guid(f0742823962d31b4ebfa4be9309ddd4e) Importer(815301076,1909f56bfc062723c751e8b465ee728b)
Start importing Assets/Planet Earth Free/Materials/SkyboxMaterial.mat using Guid(f0742823962d31b4ebfa4be9309ddd4e) Importer(815301076,1909f56bfc062723c751e8b465ee728b)  -> (artifact id: '51df5f4b3580d00bb2b4f515ff4de381') in 0.116830 seconds 
========================================================================
Received Import Request.
  Time since last request: 0.000129 seconds.
  path: Assets/Planet Earth Free/Materials/Earth4kMaterial.mat
  artifactKey: Guid(9129bad9aad7f394aa91b2eb46de21c8) Importer(815301076,1909f56bfc062723c751e8b465ee728b)
Start importing Assets/Planet Earth Free/Materials/Earth4kMaterial.mat using Guid(9129bad9aad7f394aa91b2eb46de21c8) Importer(815301076,1909f56bfc062723c751e8b465ee728b)  -> (artifact id: '684e5840d599c19c52ca9594b993de71') in 0.022852 seconds 
========================================================================
Received Import Request.
  Time since last request: 0.000111 seconds.
  path: Assets/Planet Earth Free/Materials/StarsTexture.png
  artifactKey: Guid(a36530de48f48214e8decf4cc52eeb9b) Importer(815301076,1909f56bfc062723c751e8b465ee728b)
Start importing Assets/Planet Earth Free/Materials/StarsTexture.png using Guid(a36530de48f48214e8decf4cc52eeb9b) Importer(815301076,1909f56bfc062723c751e8b465ee728b)  -> (artifact id: 'b09d3bfe45e491a6d1ba458c49438555') in 0.007247 seconds 
========================================================================
Received Import Request.
  Time since last request: 0.000128 seconds.
  path: Assets/Planet Earth Free/Materials/PlanetGlowMaterial.mat
  artifactKey: Guid(3dbe0f991fb96854dae2aeb6ad009828) Importer(815301076,1909f56bfc062723c751e8b465ee728b)
Start importing Assets/Planet Earth Free/Materials/PlanetGlowMaterial.mat using Guid(3dbe0f991fb96854dae2aeb6ad009828) Importer(815301076,1909f56bfc062723c751e8b465ee728b)  -> (artifact id: '22fff9b73d3277568b22eb7b629687af') in 0.026308 seconds 
========================================================================
Received Import Request.
  Time since last request: 0.000126 seconds.
  path: Assets/Planet Earth Free/Materials/Earth4kTexture.png
  artifactKey: Guid(29bd4cac4de86cb41af713a0b6498511) Importer(815301076,1909f56bfc062723c751e8b465ee728b)
Start importing Assets/Planet Earth Free/Materials/Earth4kTexture.png using Guid(29bd4cac4de86cb41af713a0b6498511) Importer(815301076,1909f56bfc062723c751e8b465ee728b)  -> (artifact id: 'a27fd3e5433c0eec6b0a49ae6615d7cc') in 0.009178 seconds 
========================================================================
Received Import Request.
  Time since last request: 0.000109 seconds.
  path: Assets/Planet Earth Free/Materials/Earth1kNormal.png
  artifactKey: Guid(b9bde0ce2b53f2144852ee95519c5736) Importer(815301076,1909f56bfc062723c751e8b465ee728b)
Start importing Assets/Planet Earth Free/Materials/Earth1kNormal.png using Guid(b9bde0ce2b53f2144852ee95519c5736) Importer(815301076,1909f56bfc062723c751e8b465ee728b)  -> (artifact id: '4862b8a9198b15d93c6de7ea41d86d61') in 0.007267 seconds 
========================================================================
Received Import Request.
  Time since last request: 0.000130 seconds.
  path: Assets/Planet Earth Free/Materials/Earth2kMaterial.mat
  artifactKey: Guid(eff9dc043a18eb344a8795d3e20ab108) Importer(815301076,1909f56bfc062723c751e8b465ee728b)
Start importing Assets/Planet Earth Free/Materials/Earth2kMaterial.mat using Guid(eff9dc043a18eb344a8795d3e20ab108) Importer(815301076,1909f56bfc062723c751e8b465ee728b)  -> (artifact id: '5b7fd47810403795aca3fe70237e8f7c') in 0.014022 seconds 
========================================================================
Received Import Request.
  Time since last request: 1.704928 seconds.
  path: Assets/Planet Earth Free/Models/Planet960Tris.FBX
  artifactKey: Guid(d918e1286969e1740b2daa8c7eb5bcac) Importer(815301076,1909f56bfc062723c751e8b465ee728b)
Start importing Assets/Planet Earth Free/Models/Planet960Tris.FBX using Guid(d918e1286969e1740b2daa8c7eb5bcac) Importer(815301076,1909f56bfc062723c751e8b465ee728b)  -> (artifact id: 'a49fd583343ed79a9160efc19f28cbce') in 0.142510 seconds 
========================================================================
Received Import Request.
  Time since last request: 0.000120 seconds.
  path: Assets/Planet Earth Free/Models/Planet3968Tris.FBX
  artifactKey: Guid(d103ffa837233534daa68d733386bac5) Importer(815301076,1909f56bfc062723c751e8b465ee728b)
Start importing Assets/Planet Earth Free/Models/Planet3968Tris.FBX using Guid(d103ffa837233534daa68d733386bac5) Importer(815301076,1909f56bfc062723c751e8b465ee728b)  -> (artifact id: '38b9f15b4119c4b1c39fe98a62d323c0') in 0.011338 seconds 
========================================================================
Received Import Request.
  Time since last request: 0.000114 seconds.
  path: Assets/Planet Earth Free/Models/Planet16128Tris.FBX
  artifactKey: Guid(b82e0d2b8cc9ee64cacfa0b6e51ff1a3) Importer(815301076,1909f56bfc062723c751e8b465ee728b)
Start importing Assets/Planet Earth Free/Models/Planet16128Tris.FBX using Guid(b82e0d2b8cc9ee64cacfa0b6e51ff1a3) Importer(815301076,1909f56bfc062723c751e8b465ee728b)  -> (artifact id: 'ebbc874d075aaa5c3fe34392b68e25d6') in 0.011945 seconds 
========================================================================
Received Import Request.
  Time since last request: 54.224034 seconds.
  path: Assets/Planet Earth Free/Demo.unity
  artifactKey: Guid(df593a320500c864b944dbe6d9028b42) Importer(815301076,1909f56bfc062723c751e8b465ee728b)
Start importing Assets/Planet Earth Free/Demo.unity using Guid(df593a320500c864b944dbe6d9028b42) Importer(815301076,1909f56bfc062723c751e8b465ee728b)  -> (artifact id: 'fac93623af1bc633a53423b3454b073b') in 0.004875 seconds 
========================================================================
Received Import Request.
  Time since last request: 57.953059 seconds.
  path: Assets/_Scenes/Space.unity
  artifactKey: Guid(06bd43a169dd7694fb1720dbfa2a0475) Importer(815301076,1909f56bfc062723c751e8b465ee728b)
Start importing Assets/_Scenes/Space.unity using Guid(06bd43a169dd7694fb1720dbfa2a0475) Importer(815301076,1909f56bfc062723c751e8b465ee728b)  -> (artifact id: '7ab7d986cf2666e2ae3166ef5d06f8c0') in 0.005143 seconds 
========================================================================
Received Import Request.
  Time since last request: 81.609170 seconds.
  path: Assets/Planet Earth Free/SpinFree.cs
  artifactKey: Guid(34c20de9ecc8bde41b5ed3a66a8071a3) Importer(815301076,1909f56bfc062723c751e8b465ee728b)
Start importing Assets/Planet Earth Free/SpinFree.cs using Guid(34c20de9ecc8bde41b5ed3a66a8071a3) Importer(815301076,1909f56bfc062723c751e8b465ee728b)  -> (artifact id: 'e76f8e43f0a8e18e69c65947abc0890f') in 0.011127 seconds 
========================================================================
Received Prepare
Registering precompiled user dll's ...
Registered in 0.003715 seconds.
Begin MonoManager ReloadAssembly
Native extension for WindowsStandalone target not found
Native extension for WebGL target not found
Refreshing native plugins compatible for Editor in 0.68 ms, found 2 plugins.
Preloading 0 native plugins for Editor in 0.00 ms.
Mono: successfully reloaded assembly
- Completed reload, in  0.715 seconds
Domain Reload Profiling:
	ReloadAssembly (716ms)
		BeginReloadAssembly (93ms)
			ExecutionOrderSort (0ms)
			DisableScriptedObjects (4ms)
			BackupInstance (0ms)
			ReleaseScriptingObjects (0ms)
			CreateAndSetChildDomain (28ms)
		EndReloadAssembly (578ms)
			LoadAssemblies (75ms)
			RebuildTransferFunctionScriptingTraits (0ms)
			SetupTypeCache (173ms)
			ReleaseScriptCaches (1ms)
			RebuildScriptCaches (26ms)
			SetupLoadedEditorAssemblies (244ms)
				LogAssemblyErrors (0ms)
				InitializePlatformSupportModulesInManaged (4ms)
				SetLoadedEditorAssemblies (0ms)
				RefreshPlugins (1ms)
				BeforeProcessingInitializeOnLoad (47ms)
				ProcessInitializeOnLoadAttributes (143ms)
				ProcessInitializeOnLoadMethodAttributes (43ms)
				AfterProcessingInitializeOnLoad (6ms)
				EditorAssembliesLoaded (0ms)
			ExecutionOrderSort2 (0ms)
			AwakeInstancesAfterBackupRestoration (5ms)
Platform modules already initialized, skipping
Refreshing native plugins compatible for Editor in 0.83 ms, found 2 plugins.
Preloading 0 native plugins for Editor in 0.00 ms.
Unloading 2130 Unused Serialized files (Serialized files now loaded: 0)
System memory in use before: 89.8 MB.
System memory in use after: 89.9 MB.

Unloading 47 unused Assets to reduce memory usage. Loaded Objects now: 2602.
Total: 7.113000 ms (FindLiveObjects: 0.178100 ms CreateObjectMapping: 0.080100 ms MarkObjects: 6.809300 ms  DeleteObjects: 0.044000 ms)

AssetImportParameters requested are different than current active one (requested -> active):
  custom:framework-win-MediaFoundation: 216162199b28c13a410421893ffa2e32 -> 
  custom:video-decoder-ogg-theora: a1e56fd34408186e4bbccfd4996cb3dc -> 
  custom:container-muxer-webm: aa71ff27fc2769a1b78a27578f13a17b -> 
  custom:container-demuxer-webm: 4f35f7cbe854078d1ac9338744f61a02 -> 
  custom:container-demuxer-ogg: 62fdf1f143b41e24485cea50d1cbac27 -> 
  custom:video-encoder-webm-vp8: eb34c28f22e8b96e1ab97ce403110664 -> 
  custom:video-codec-MediaFoundation-h265: 746d11721c4dcdbdad8f713fa42b33f4 -> 
  custom:video-decoder-webm-vp8: 9c59270c3fd7afecdb556c50c9e8de78 -> 
  custom:audio-decoder-ogg-vorbis: bf7c407c2cedff20999df2af8eb42d56 -> 
  custom:audio-encoder-webm-vorbis: bf7c407c2cedff20999df2af8eb42d56 -> 
========================================================================
Received Import Request.
  Time since last request: 97.714308 seconds.
  path: Assets/Planet Earth Free/Prefabs/EarthHigh.prefab
  artifactKey: Guid(27fe6d2a15a377f4587f716a2d37ca8a) Importer(815301076,1909f56bfc062723c751e8b465ee728b)
Start importing Assets/Planet Earth Free/Prefabs/EarthHigh.prefab using Guid(27fe6d2a15a377f4587f716a2d37ca8a) Importer(815301076,1909f56bfc062723c751e8b465ee728b)  -> (artifact id: '948edd3776fca43567e6d8747742c0ca') in 0.053338 seconds 
========================================================================
Received Import Request.
  Time since last request: 0.000124 seconds.
  path: Assets/Planet Earth Free/Prefabs/EarthMedium.prefab
  artifactKey: Guid(2f6c5d6ec779606459f39a8773a9fb35) Importer(815301076,1909f56bfc062723c751e8b465ee728b)
Start importing Assets/Planet Earth Free/Prefabs/EarthMedium.prefab using Guid(2f6c5d6ec779606459f39a8773a9fb35) Importer(815301076,1909f56bfc062723c751e8b465ee728b)  -> (artifact id: '76bac62c0cde92f02f96aecfb2a2cb26') in 0.015798 seconds 
========================================================================
Received Import Request.
  Time since last request: 0.000145 seconds.
  path: Assets/Planet Earth Free/Prefabs/EarthLow.prefab
  artifactKey: Guid(f6f5203ed5ea2204d95508a9c981db2f) Importer(815301076,1909f56bfc062723c751e8b465ee728b)
Start importing Assets/Planet Earth Free/Prefabs/EarthLow.prefab using Guid(f6f5203ed5ea2204d95508a9c981db2f) Importer(815301076,1909f56bfc062723c751e8b465ee728b)  -> (artifact id: '1ce3ca3076568c722c1474eaf5faa297') in 0.013319 seconds 
========================================================================
Received Import Request.
  Time since last request: 52.693323 seconds.
  path: Assets/_Scenes/Space.unity
  artifactKey: Guid(06bd43a169dd7694fb1720dbfa2a0475) Importer(815301076,1909f56bfc062723c751e8b465ee728b)
Start importing Assets/_Scenes/Space.unity using Guid(06bd43a169dd7694fb1720dbfa2a0475) Importer(815301076,1909f56bfc062723c751e8b465ee728b)  -> (artifact id: '713b4140def5d272a075b2700ec1a95c') in 0.002010 seconds 
========================================================================
Received Import Request.
  Time since last request: 11.983740 seconds.
  path: Assets/_Scenes/Space.unity
  artifactKey: Guid(df593a320500c864b944dbe6d9028b42) Importer(815301076,1909f56bfc062723c751e8b465ee728b)
Start importing Assets/_Scenes/Space.unity using Guid(df593a320500c864b944dbe6d9028b42) Importer(815301076,1909f56bfc062723c751e8b465ee728b)  -> (artifact id: 'b99fafc2074193cd4c68e25be0fed0cf') in 0.001821 seconds 
========================================================================
Received Import Request.
  Time since last request: 69.300909 seconds.
  path: Assets/Planet Earth Free/Prefabs
  artifactKey: Guid(9f196f88c8e327c47b86618ca60485ce) Importer(815301076,1909f56bfc062723c751e8b465ee728b)
Start importing Assets/Planet Earth Free/Prefabs using Guid(9f196f88c8e327c47b86618ca60485ce) Importer(815301076,1909f56bfc062723c751e8b465ee728b)  -> (artifact id: '3b687980b845908e4bfcab0322d0048a') in 0.006378 seconds 
========================================================================
Received Import Request.
  Time since last request: 29.345337 seconds.
  path: Assets/Planet Earth Free/Materials/Earth1kMaterial.mat
  artifactKey: Guid(ddb0556055b89a04b94d593283b8daf5) Importer(815301076,1909f56bfc062723c751e8b465ee728b)
Start importing Assets/Planet Earth Free/Materials/Earth1kMaterial.mat using Guid(ddb0556055b89a04b94d593283b8daf5) Importer(815301076,1909f56bfc062723c751e8b465ee728b)  -> (artifact id: 'c7977aed4bbb65496eeb03c6550ae649') in 0.030014 seconds 
========================================================================
Received Import Request.
  Time since last request: 164.152834 seconds.
  path: Assets/_Scenes/Space.unity
  artifactKey: Guid(1bfcc82ec879d9b4594bc6cdc593ac6e) Importer(815301076,1909f56bfc062723c751e8b465ee728b)
Start importing Assets/_Scenes/Space.unity using Guid(1bfcc82ec879d9b4594bc6cdc593ac6e) Importer(815301076,1909f56bfc062723c751e8b465ee728b)  -> (artifact id: '4391c726dc1d38d9e016c731462f762e') in 0.002064 seconds 
========================================================================
Received Import Request.
  Time since last request: 26.742103 seconds.
  path: Assets/_Scenes/Space.unity
  artifactKey: Guid(1bfcc82ec879d9b4594bc6cdc593ac6e) Importer(815301076,1909f56bfc062723c751e8b465ee728b)
Start importing Assets/_Scenes/Space.unity using Guid(1bfcc82ec879d9b4594bc6cdc593ac6e) Importer(815301076,1909f56bfc062723c751e8b465ee728b)  -> (artifact id: '833d13eb48bc0086a81bb388a12fe3c5') in 0.001648 seconds 
